TN:
SF:src/App.tsx
FN:6,(anonymous_0)
FN:7,(anonymous_1)
FN:9,App
FNF:3
FNH:0
FNDA:0,(anonymous_0)
FNDA:0,(anonymous_1)
FNDA:0,App
DA:6,0
DA:7,0
DA:10,0
LF:3
LH:0
BRF:0
BRH:0
end_of_record
TN:
SF:src/testUtils.tsx
FN:21,renderWithProviders
FN:26,(anonymous_1)
FNF:2
FNH:0
FNDA:0,renderWithProviders
FNDA:0,(anonymous_1)
DA:6,0
DA:15,0
DA:16,0
DA:18,0
DA:19,0
DA:25,0
DA:27,0
LF:7
LH:0
BRDA:23,0,0,0
BRDA:28,1,0,0
BRDA:28,1,1,0
BRF:3
BRH:0
end_of_record
TN:
SF:src/utils.ts
FN:4,useMediaQuery
FN:5,(anonymous_1)
FN:7,(anonymous_2)
FN:10,onMediaQueryChange
FN:16,(anonymous_4)
FNF:5
FNH:0
FNDA:0,useMediaQuery
FNDA:0,(anonymous_1)
FNDA:0,(anonymous_2)
FNDA:0,onMediaQueryChange
FNDA:0,(anonymous_4)
DA:5,0
DA:7,0
DA:8,0
DA:11,0
DA:14,0
DA:16,0
DA:17,0
DA:21,0
LF:8
LH:0
BRF:0
BRH:0
end_of_record
TN:
SF:src/components/Head.tsx
FN:7,Head
FN:8,(anonymous_1)
FNF:2
FNH:0
FNDA:0,Head
FNDA:0,(anonymous_1)
DA:8,0
DA:9,0
DA:13,0
LF:3
LH:0
BRF:0
BRH:0
end_of_record
TN:
SF:src/components/LoadingOrError.tsx
FN:6,LoadingOrError
FNF:1
FNH:0
FNDA:0,LoadingOrError
DA:7,0
DA:15,0
LF:2
LH:0
BRDA:10,0,0,0
BRDA:10,0,1,0
BRF:2
BRH:0
end_of_record
TN:
SF:src/mocks/handlers.ts
FN:5,(anonymous_0)
FNF:1
FNH:0
FNDA:0,(anonymous_0)
DA:4,0
DA:6,0
LF:2
LH:0
BRF:0
BRH:0
end_of_record
TN:
SF:src/mocks/server.ts
FNF:0
FNH:0
DA:4,0
LF:1
LH:0
BRF:0
BRH:0
end_of_record
TN:
SF:src/pages/Details.tsx
FN:13,DetailsPage
FN:26,(anonymous_1)
FN:82,(anonymous_2)
FNF:3
FNH:0
FNDA:0,DetailsPage
FNDA:0,(anonymous_1)
FNDA:0,(anonymous_2)
DA:10,0
DA:11,0
DA:14,0
DA:15,0
DA:17,0
DA:21,0
DA:22,0
DA:25,0
DA:26,0
DA:28,0
DA:29,0
DA:32,0
DA:36,0
DA:42,0
DA:83,0
LF:15
LH:0
BRDA:21,0,0,0
BRDA:21,0,1,0
BRDA:21,1,0,0
BRDA:21,1,1,0
BRDA:28,2,0,0
BRDA:28,2,1,0
BRDA:33,3,0,0
BRDA:33,3,1,0
BRDA:37,4,0,0
BRDA:37,4,1,0
BRF:10
BRH:0
end_of_record
TN:
SF:src/pages/Gallery.tsx
FN:8,GalleryPage
FN:21,(anonymous_1)
FNF:2
FNH:0
FNDA:0,GalleryPage
FNDA:0,(anonymous_1)
DA:9,0
DA:13,0
DA:14,0
DA:17,0
DA:22,0
LF:5
LH:0
BRDA:13,0,0,0
BRDA:13,0,1,0
BRDA:13,1,0,0
BRDA:13,1,1,0
BRF:4
BRH:0
end_of_record
